[[200, 600], [174, 0], [203, 0], [169, 0], [316, 0], [380, 0]]
[[200, 600], [174, 96], [203, 313], [169, 18], [316, 77], [380, 1]]
[[200, 600], [174, 192], [169, 36], [316, 154], [380, 2]]
[[200, 600], [174, 288], [169, 54], [316, 231], [380, 3]]
[[200, 600], [174, 384], [169, 72], [316, 308], [380, 4]]
[[200, 600], [169, 90], [316, 385], [380, 5]]
[[200, 600], [169, 108], [380, 6]]
[[200, 600], [169, 126], [380, 7]]
[[200, 600], [169, 144], [380, 8]]
[[200, 600], [169, 162], [380, 9]]
[[200, 600], [169, 180], [380, 10]]
[[200, 600], [169, 198], [380, 11]]
[[200, 600], [169, 216], [380, 12]]
[[200, 600], [169, 234], [380, 13]]
[[200, 600], [169, 252], [380, 14]]
[[200, 600], [169, 270], [380, 15]]
[[200, 600], [169, 288], [380, 16]]
[[200, 600], [169, 306], [380, 17]]
[[200, 600], [169, 324], [380, 18]]
[[200, 600], [169, 342], [380, 19]]
[[200, 600], [380, 20]]
[[200, 600], [380, 21]]
[[200, 600], [380, 22]]
[[200, 600], [380, 23]]
[[200, 600], [380, 24]]
[[200, 600], [380, 25]]
[[200, 600], [380, 26]]
[[200, 600], [380, 27]]
[[200, 600], [380, 28]]
[[200, 600], [380, 29]]
[[200, 600], [380, 30], [351, 0]]
[[200, 600], [380, 31], [351, 1]]
[[200, 600], [380, 32], [351, 2]]
[[200, 600], [380, 33], [351, 3]]
[[200, 600], [380, 34], [351, 4]]
[[200, 600], [380, 35], [351, 5]]
[[200, 600], [380, 36], [351, 6]]
[[200, 600], [380, 37], [351, 7]]
[[200, 600], [380, 38], [351, 8]]
[[200, 600], [380, 39], [351, 9]]
[[200, 600], [380, 40], [351, 10]]
[[200, 600], [380, 41], [351, 11]]
[[200, 600], [380, 42], [351, 12]]
[[200, 600], [380, 43], [351, 13]]
[[200, 600], [380, 44], [351, 14]]
[[200, 600], [380, 45], [351, 15]]
[[200, 600], [380, 46], [351, 16]]
[[200, 600], [380, 47], [351, 17]]
[[200, 600], [380, 48], [351, 18]]
[[200, 600], [380, 49], [351, 19]]
[[200, 600], [380, 50], [351, 20]]
[[200, 600], [380, 51], [351, 21]]
[[200, 600], [380, 52], [351, 22]]
[[200, 600], [380, 53], [351, 23]]
[[200, 600], [380, 54], [351, 24]]
[[200, 600], [380, 55], [351, 25]]
[[200, 600], [380, 56], [351, 26]]
[[200, 600], [380, 57], [351, 27]]
[[200, 600], [380, 58], [351, 28]]
[[200, 600], [380, 59], [351, 29], [105, 0]]
[[200, 600], [380, 60], [351, 30], [105, 1]]
[[225, 600], [380, 61], [351, 31], [105, 2]]
[[225, 600], [380, 62], [351, 32], [105, 3]]
[[225, 600], [380, 63], [351, 33], [105, 4]]
[[225, 600], [380, 64], [351, 34], [105, 5]]
[[225, 600], [380, 65], [351, 35], [105, 6]]
[[225, 600], [380, 66], [351, 36], [105, 7]]
[[225, 600], [380, 67], [351, 37], [105, 8]]
[[225, 600], [380, 68], [351, 38], [105, 9]]
[[225, 600], [380, 69], [351, 39], [105, 10]]
[[225, 600], [380, 70], [351, 40], [105, 11]]
[[225, 600], [380, 71], [351, 41], [105, 12]]
[[200, 600], [380, 72], [351, 42], [105, 13]]
[[200, 600], [380, 73], [351, 43], [105, 14]]
[[200, 600], [380, 74], [351, 44], [105, 15]]
[[200, 600], [380, 75], [351, 45], [105, 16]]
[[200, 600], [380, 76], [351, 46], [105, 17]]
[[200, 600], [380, 77], [351, 47], [105, 18]]
[[200, 600], [380, 78], [351, 48], [105, 19]]
[[200, 600], [380, 79], [351, 49], [105, 20]]
[[200, 600], [380, 80], [351, 50], [105, 21]]
[[200, 600], [380, 81], [351, 51], [105, 22]]
[[200, 600], [380, 82], [351, 52], [105, 23]]
[[175, 600], [380, 83], [351, 53], [105, 24]]
[[175, 600], [380, 84], [351, 54], [105, 25]]
[[175, 600], [380, 85], [351, 55], [105, 26]]
[[175, 600], [380, 86], [351, 56], [105, 27]]
[[175, 600], [380, 87], [351, 57], [105, 28]]
[[150, 600], [380, 88], [351, 58], [105, 29]]
[[150, 600], [380, 89], [351, 59], [105, 30], [148, 0]]
[[150, 600], [380, 90], [351, 60], [105, 31], [148, 1]]
[[150, 600], [380, 91], [351, 61], [105, 32], [148, 2]]
[[150, 600], [380, 92], [351, 62], [105, 33], [148, 3]]
[[125, 600], [380, 93], [351, 63], [105, 34], [148, 4]]
[[125, 600], [380, 94], [351, 64], [105, 35], [148, 5]]
[[125, 600], [380, 95], [351, 65], [105, 36], [148, 6]]
[[125, 600], [380, 96], [351, 66], [105, 37], [148, 7]]
[[125, 600], [380, 97], [351, 67], [105, 38], [148, 8]]
[[100, 600], [380, 98], [351, 68], [105, 39], [148, 9]]
[[100, 600], [380, 99], [351, 69], [105, 40], [148, 10]]
[[100, 600], [380, 100], [351, 70], [105, 41], [148, 11]]
[[100, 600], [380, 101], [351, 71], [105, 42], [148, 12]]
[[100, 600], [380, 102], [351, 72], [105, 43], [148, 13]]
[[100, 600], [380, 103], [351, 73], [105, 44], [148, 14]]
[[100, 600], [380, 104], [351, 74], [105, 45], [148, 15]]
[[100, 600], [380, 105], [351, 75], [105, 46], [148, 16]]
[[100, 600], [380, 106], [351, 76], [105, 47], [148, 17]]
[[100, 600], [380, 107], [351, 77], [105, 48], [148, 18]]
[[100, 600], [380, 108], [351, 78], [105, 49], [148, 19]]
[[100, 600], [380, 109], [351, 79], [105, 50], [148, 20]]
[[100, 600], [380, 110], [351, 80], [105, 51], [148, 21]]
[[100, 600], [380, 111], [351, 81], [105, 52], [148, 22]]
[[100, 600], [380, 112], [351, 82], [105, 53], [148, 23]]
[[100, 600], [380, 113], [351, 83], [105, 54], [148, 24]]
[[100, 600], [380, 114], [351, 84], [105, 55], [148, 25]]
[[100, 600], [380, 115], [351, 85], [105, 56], [148, 26]]
[[100, 600], [380, 116], [351, 86], [105, 57], [148, 27]]
[[100, 600], [380, 117], [351, 87], [105, 58], [148, 28]]
[[100, 600], [380, 118], [351, 88], [105, 59], [148, 29], [332, 0]]
[[100, 600], [380, 119], [351, 89], [105, 60], [148, 30], [332, 1]]
[[100, 600], [380, 120], [351, 90], [105, 61], [148, 31], [332, 2]]
[[100, 600], [380, 121], [351, 91], [105, 62], [148, 32], [332, 3]]
[[100, 600], [380, 122], [351, 92], [105, 63], [148, 33], [332, 4]]
[[100, 600], [380, 123], [351, 93], [105, 64], [148, 34], [332, 5]]
[[100, 600], [380, 124], [351, 94], [105, 65], [148, 35], [332, 6]]
[[100, 600], [380, 125], [351, 95], [105, 66], [148, 36], [332, 7]]
[[100, 600], [380, 126], [351, 96], [105, 67], [148, 37], [332, 8]]
[[100, 600], [380, 127], [351, 97], [105, 68], [148, 38], [332, 9]]
[[100, 600], [380, 128], [351, 98], [105, 69], [148, 39], [332, 10]]
[[100, 600], [380, 129], [351, 99], [105, 70], [148, 40], [332, 11]]
[[100, 600], [380, 130], [351, 100], [105, 71], [148, 41], [332, 12]]
[[100, 600], [380, 131], [351, 101], [105, 72], [148, 42], [332, 13]]
[[100, 600], [380, 132], [351, 102], [105, 73], [148, 43], [332, 14]]
[[100, 600], [380, 133], [351, 103], [105, 74], [148, 44], [332, 15]]
[[100, 600], [380, 134], [351, 104], [105, 75], [148, 45], [332, 16]]
[[100, 600], [380, 135], [351, 105], [105, 76], [148, 46], [332, 17]]
[[100, 600], [380, 136], [351, 106], [105, 77], [148, 47], [332, 18]]
[[100, 600], [380, 137], [351, 107], [105, 78], [148, 48], [332, 19]]
[[100, 600], [380, 138], [351, 108], [105, 79], [148, 49], [332, 20]]
[[100, 600], [380, 139], [351, 109], [105, 80], [148, 50], [332, 21]]
[[100, 600], [380, 140], [351, 110], [105, 81], [148, 51], [332, 22]]
[[100, 600], [380, 141], [351, 111], [105, 82], [148, 52], [332, 23]]
[[100, 600], [380, 142], [351, 112], [105, 83], [148, 53], [332, 24]]
[[100, 600], [380, 143], [351, 113], [105, 84], [148, 54], [332, 25]]
[[100, 600], [380, 144], [351, 114], [105, 85], [148, 55], [332, 26]]
[[100, 600], [380, 145], [351, 115], [105, 86], [332, 27]]
[[100, 600], [380, 146], [351, 116], [105, 87], [332, 28]]
[[100, 600], [380, 147], [351, 117], [105, 88], [332, 29]]
[[100, 600], [380, 148], [351, 118], [105, 89], [332, 30], [328, 0]]
[[100, 600], [380, 149], [351, 119], [105, 90], [332, 31], [328, 1]]
[[100, 600], [380, 150], [351, 120], [105, 91], [332, 32], [328, 2]]
[[100, 600], [380, 151], [351, 121], [105, 92], [332, 33], [328, 3]]
[[100, 600], [380, 152], [351, 122], [105, 93], [332, 34], [328, 4]]
[[100, 600], [380, 153], [351, 123], [105, 94], [332, 35], [328, 5]]
[[100, 600], [380, 154], [351, 124], [105, 95], [332, 36], [328, 6]]
[[100, 600], [380, 155], [351, 125], [332, 37], [328, 7]]
[[100, 600], [380, 156], [351, 126], [332, 38], [328, 8]]
[[100, 600], [380, 157], [351, 127], [332, 39], [328, 9]]
[[100, 600], [380, 158], [351, 128], [332, 40], [328, 10]]
[[100, 600], [380, 159], [351, 129], [332, 41], [328, 11]]
[[100, 600], [380, 160], [351, 130], [332, 42], [328, 12]]
[[100, 600], [380, 161], [351, 131], [332, 43], [328, 13]]
[[100, 600], [380, 162], [351, 132], [332, 44], [328, 14]]
[[100, 600], [380, 163], [351, 133], [332, 45], [328, 15]]
[[100, 600], [380, 164], [351, 134], [332, 46], [328, 16]]
[[100, 600], [380, 165], [351, 135], [332, 47], [328, 17]]
[[100, 600], [380, 166], [351, 136], [332, 48], [328, 18]]
[[100, 600], [380, 167], [351, 137], [332, 49], [328, 19]]
[[100, 600], [380, 168], [351, 138], [332, 50], [328, 20]]
[[100, 600], [380, 169], [351, 139], [332, 51], [328, 21]]
[[100, 600], [380, 170], [351, 140], [332, 52], [328, 22]]
[[125, 600], [380, 171], [351, 141], [332, 53], [328, 23]]
[[125, 600], [380, 172], [351, 142], [332, 54], [328, 24]]
[[125, 600], [380, 173], [351, 143], [332, 55], [328, 25]]
[[125, 600], [380, 174], [351, 144], [332, 56], [328, 26]]
[[125, 600], [380, 175], [351, 145], [332, 57], [328, 27]]
[[125, 600], [380, 176], [351, 146], [332, 58], [328, 28]]
[[150, 600], [380, 177], [351, 147], [332, 59], [328, 29], [195, 0]]
[[150, 600], [380, 178], [351, 148], [332, 60], [328, 30], [195, 1]]
[[150, 600], [380, 179], [351, 149], [332, 61], [328, 31], [195, 2]]
[[150, 600], [380, 180], [351, 150], [332, 62], [328, 32], [195, 3]]
[[150, 600], [380, 181], [351, 151], [332, 63], [328, 33], [195, 4]]
[[175, 600], [380, 182], [351, 152], [332, 64], [328, 34], [195, 5]]
[[175, 600], [380, 183], [351, 153], [332, 65], [328, 35], [195, 6]]
[[175, 600], [380, 184], [351, 154], [332, 66], [328, 36], [195, 7]]
[[175, 600], [380, 185], [351, 155], [332, 67], [328, 37], [195, 8]]
[[175, 600], [380, 186], [351, 156], [332, 68], [328, 38], [195, 9]]
[[200, 600], [380, 187], [351, 157], [332, 69], [328, 39], [195, 10]]
[[200, 600], [380, 188], [351, 158], [332, 70], [328, 40], [195, 11]]
[[200, 600], [380, 189], [351, 159], [332, 71], [328, 41], [195, 12]]
[[200, 600], [380, 190], [351, 160], [332, 72], [328, 42], [195, 13]]
[[200, 600], [380, 191], [351, 161], [332, 73], [328, 43], [195, 14]]
[[225, 600], [380, 192], [351, 162], [332, 74], [328, 44], [195, 15]]
[[225, 600], [380, 193], [351, 163], [332, 75], [328, 45], [195, 16]]
[[225, 600], [380, 194], [351, 164], [332, 76], [328, 46], [195, 17]]
[[225, 600], [380, 195], [351, 165], [332, 77], [328, 47], [195, 18]]
[[225, 600], [380, 196], [351, 166], [332, 78], [328, 48], [195, 19]]
[[225, 600], [380, 197], [351, 167], [332, 79], [328, 49], [195, 20]]
[[225, 600], [380, 198], [351, 168], [332, 80], [328, 50], [195, 21]]
[[225, 600], [380, 199], [351, 169], [332, 81], [328, 51], [195, 22]]
[[225, 600], [380, 200], [351, 170], [332, 82], [328, 52], [195, 23]]
[[225, 600], [380, 201], [351, 171], [332, 83], [328, 53], [195, 24], [226, 0]]
[[225, 600], [380, 202], [351, 172], [332, 84], [328, 54], [195, 25], [226, 2]]
[[225, 600], [380, 203], [351, 173], [332, 85], [328, 55], [195, 26], [226, 4]]
[[225, 600], [380, 204], [351, 174], [332, 86], [328, 56], [195, 27], [226, 6]]
[[225, 600], [380, 205], [351, 175], [332, 87], [328, 57], [195, 28], [226, 8]]
[[225, 600], [380, 206], [351, 176], [332, 88], [328, 58], [195, 29], [226, 10]]
[[225, 600], [380, 207], [351, 177], [332, 89], [328, 59], [195, 30], [226, 12]]
[[225, 600], [380, 208], [351, 178], [332, 90], [328, 60], [195, 31], [226, 14]]
[[225, 600], [380, 209], [351, 179], [332, 91], [328, 61], [195, 32], [226, 16]]
[[225, 600], [380, 210], [351, 180], [332, 92], [328, 62], [195, 33], [226, 18]]
[[225, 600], [380, 211], [351, 181], [332, 93], [328, 63], [195, 34], [226, 20]]
[[225, 600], [380, 212], [351, 182], [332, 94], [328, 64], [195, 35], [226, 22]]
[[225, 600], [380, 213], [351, 183], [332, 95], [328, 65], [195, 36], [226, 24]]
[[225, 600], [380, 214], [351, 184], [332, 96], [328, 66], [195, 37], [226, 26]]
[[225, 600], [380, 215], [351, 185], [332, 97], [328, 67], [195, 38], [226, 28]]
[[225, 600], [380, 216], [351, 186], [332, 98], [328, 68], [195, 39], [226, 30], [203, 0]]
[[225, 600], [380, 217], [351, 187], [332, 99], [328, 69], [195, 40], [226, 32], [203, 2]]
[[225, 600], [380, 218], [351, 188], [332, 100], [328, 70], [195, 41], [226, 34], [203, 4]]
[[225, 600], [380, 219], [351, 189], [332, 101], [328, 71], [195, 42], [226, 36], [203, 6]]
[[225, 600], [380, 220], [351, 190], [332, 102], [328, 72], [195, 43], [226, 38], [203, 8]]
[[225, 600], [380, 221], [351, 191], [332, 103], [328, 73], [195, 44], [226, 40], [203, 10]]
[[225, 600], [380, 222], [351, 192], [332, 104], [328, 74], [195, 45], [226, 42], [203, 12]]
[[225, 600], [380, 223], [351, 193], [332, 105], [328, 75], [195, 46], [226, 44], [203, 14]]
[[225, 600], [380, 224], [351, 194], [332, 106], [328, 76], [195, 47], [226, 46], [203, 16]]
[[225, 600], [380, 225], [351, 195], [332, 107], [328, 77], [195, 48], [226, 48], [203, 18]]
[[225, 600], [380, 226], [351, 196], [332, 108], [328, 78], [195, 49], [226, 50], [203, 20]]
[[225, 600], [380, 227], [351, 197], [332, 109], [328, 79], [195, 50], [226, 52], [203, 22]]
[[225, 600], [380, 228], [351, 198], [332, 110], [328, 80], [195, 51], [226, 54], [203, 24]]
[[225, 600], [380, 229], [351, 199], [332, 111], [328, 81], [195, 52], [226, 56], [203, 26]]
[[225, 600], [380, 230], [351, 200], [332, 112], [328, 82], [195, 53], [226, 58], [203, 28], [66, 0]]
[[225, 600], [380, 231], [351, 201], [332, 113], [328, 83], [195, 54], [226, 60], [203, 30], [66, 2]]
[[225, 600], [380, 232], [351, 202], [332, 114], [328, 84], [195, 55], [226, 62], [203, 32], [66, 4]]
[[225, 600], [380, 233], [351, 203], [332, 115], [328, 85], [195, 56], [226, 64], [203, 34], [66, 6]]
[[225, 600], [380, 234], [351, 204], [332, 116], [328, 86], [195, 57], [226, 66], [203, 36], [66, 8]]
[[225, 600], [380, 235], [351, 205], [332, 117], [328, 87], [195, 58], [226, 68], [203, 38], [66, 10]]
[[225, 600], [380, 236], [351, 206], [332, 118], [328, 88], [195, 59], [226, 70], [203, 40], [66, 12]]
[[225, 600], [380, 237], [351, 207], [332, 119], [328, 89], [195, 60], [226, 72], [203, 42], [66, 14]]
[[225, 600], [380, 238], [351, 208], [332, 120], [328, 90], [195, 61], [226, 74], [203, 44], [66, 16]]
[[225, 600], [380, 239], [351, 209], [332, 121], [328, 91], [195, 62], [226, 76], [203, 46], [66, 18]]
[[225, 600], [380, 240], [351, 210], [332, 122], [328, 92], [195, 63], [226, 78], [203, 48], [66, 20]]
[[225, 600], [380, 241], [351, 211], [332, 123], [328, 93], [195, 64], [226, 80], [203, 50], [66, 22]]
[[225, 600], [380, 242], [351, 212], [332, 124], [328, 94], [195, 65], [226, 82], [203, 52], [66, 24]]
[[225, 600], [380, 243], [351, 213], [332, 125], [328, 95], [195, 66], [226, 84], [203, 54], [66, 26]]
[[225, 600], [380, 244], [351, 214], [332, 126], [328, 96], [195, 67], [226, 86], [66, 28]]
[[225, 600], [380, 245], [351, 215], [332, 127], [328, 97], [195, 68], [226, 88], [66, 30], [186, 0]]
[[225, 600], [380, 246], [351, 216], [332, 128], [328, 98], [195, 69], [226, 90], [66, 32], [186, 2]]
[[225, 600], [380, 247], [351, 217], [332, 129], [328, 99], [195, 70], [226, 92], [66, 34], [186, 4]]
[[225, 600], [380, 248], [351, 218], [332, 130], [328, 100], [195, 71], [226, 94], [66, 36], [186, 6]]
[[225, 600], [380, 249], [351, 219], [332, 131], [328, 101], [195, 72], [226, 96], [66, 38], [186, 8]]
[[225, 600], [380, 250], [351, 220], [332, 132], [328, 102], [195, 73], [226, 98], [66, 40], [186, 10]]
[[225, 600], [380, 251], [351, 221], [332, 133], [328, 103], [195, 74], [226, 100], [66, 42], [186, 12]]
[[225, 600], [380, 252], [351, 222], [332, 134], [328, 104], [195, 75], [226, 102], [66, 44]]
[[225, 600], [380, 253], [351, 223], [332, 135], [328, 105], [195, 76], [66, 46]]
[[225, 600], [380, 254], [351, 224], [332, 136], [328, 106], [195, 77], [66, 48]]
[[225, 600], [380, 255], [351, 225], [332, 137], [328, 107], [195, 78], [66, 50]]
[[225, 600], [380, 256], [351, 226], [332, 138], [328, 108], [195, 79], [66, 52]]
[[225, 600], [380, 257], [351, 227], [332, 139], [328, 109], [195, 80], [66, 54]]
[[225, 600], [380, 258], [351, 228], [332, 140], [328, 110], [195, 81], [66, 56]]
[[225, 600], [380, 259], [351, 229], [332, 141], [328, 111], [195, 82], [66, 58]]
[[225, 600], [380, 260], [351, 230], [332, 142], [328, 112], [195, 83], [66, 60], [215, 0]]
[[225, 600], [380, 261], [351, 231], [332, 143], [328, 113], [195, 84], [66, 62], [215, 2]]
[[225, 600], [380, 262], [351, 232], [332, 144], [328, 114], [195, 85], [66, 64], [215, 4]]
[[225, 600], [380, 263], [351, 233], [332, 145], [328, 115], [195, 86], [66, 66], [215, 6]]
[[225, 600], [380, 264], [351, 234], [332, 146], [328, 116], [195, 87], [66, 68], [215, 8]]
[[225, 600], [380, 265], [351, 235], [332, 147], [328, 117], [195, 88], [66, 70], [215, 10]]
[[225, 600], [380, 266], [351, 236], [332, 148], [328, 118], [195, 89], [66, 72], [215, 12]]
[[225, 600], [380, 267], [351, 237], [332, 149], [328, 119], [195, 90], [66, 74], [215, 14]]
[[225, 600], [380, 268], [351, 238], [332, 150], [328, 120], [195, 91], [66, 76], [215, 16]]
[[225, 600], [380, 269], [351, 239], [332, 151], [328, 121], [195, 92], [66, 78], [215, 18]]
[[225, 600], [380, 270], [351, 240], [332, 152], [328, 122], [195, 93], [66, 80], [215, 20]]
[[225, 600], [380, 271], [351, 241], [332, 153], [328, 123], [195, 94], [66, 82], [215, 22]]
[[225, 600], [380, 272], [351, 242], [332, 154], [328, 124], [195, 95], [66, 84]]
[[225, 600], [380, 273], [351, 243], [332, 155], [328, 125], [195, 96], [66, 86]]
[[225, 600], [380, 274], [351, 244], [332, 156], [328, 126], [195, 97], [66, 88], [269, 0]]
[[225, 600], [380, 275], [351, 245], [332, 157], [328, 127], [195, 98], [66, 90], [269, 2]]
[[225, 600], [380, 276], [351, 246], [332, 158], [328, 128], [195, 99], [66, 92], [269, 4]]
[[225, 600], [380, 277], [351, 247], [332, 159], [328, 129], [195, 100], [66, 94], [269, 6]]
[[225, 600], [380, 278], [351, 248], [332, 160], [328, 130], [195, 101], [66, 96], [269, 8]]
[[225, 600], [380, 279], [351, 249], [332, 161], [328, 131], [195, 102], [66, 98], [269, 10]]
[[225, 600], [380, 280], [351, 250], [332, 162], [328, 132], [195, 103], [66, 100], [269, 12]]
[[225, 600], [380, 281], [351, 251], [332, 163], [328, 133], [195, 104], [66, 102], [269, 14]]
[[225, 600], [380, 282], [351, 252], [332, 164], [328, 134], [195, 105], [66, 104], [269, 16]]
[[225, 600], [380, 283], [351, 253], [332, 165], [328, 135], [195, 106], [66, 106], [269, 18]]
[[225, 600], [380, 284], [351, 254], [332, 166], [328, 136], [195, 107], [66, 108], [269, 20]]
[[225, 600], [380, 285], [351, 255], [332, 167], [328, 137], [195, 108], [66, 110], [269, 22]]
[[225, 600], [380, 286], [351, 256], [332, 168], [328, 138], [195, 109], [66, 112], [269, 24]]
[[225, 600], [380, 287], [351, 257], [332, 169], [328, 139], [195, 110], [66, 114], [269, 26]]
[[225, 600], [380, 288], [351, 258], [332, 170], [328, 140], [195, 111], [66, 116], [269, 28]]
[[225, 600], [380, 289], [351, 259], [332, 171], [328, 141], [195, 112], [66, 118], [269, 30], [369, 0]]
[[225, 600], [380, 290], [351, 260], [332, 172], [328, 142], [195, 113], [66, 120], [269, 32], [369, 2]]
[[225, 600], [380, 291], [351, 261], [332, 173], [328, 143], [195, 114], [66, 122], [269, 34], [369, 4]]
[[225, 600], [380, 292], [351, 262], [332, 174], [328, 144], [195, 115], [66, 124], [269, 36], [369, 6]]
[[225, 600], [380, 293], [351, 263], [332, 175], [328, 145], [195, 116], [66, 126], [269, 38], [369, 8]]
[[225, 600], [380, 294], [351, 264], [332, 176], [328, 146], [195, 117], [66, 128], [269, 40], [369, 10]]
[[225, 600], [380, 295], [351, 265], [332, 177], [328, 147], [195, 118], [66, 130], [269, 42], [369, 12]]
[[200, 600], [167, 0], [186, 0], [308, 0], [302, 0], [136, 0]]
[[200, 600], [167, 350], [186, 358], [308, 7], [302, 263], [136, 2]]
[[200, 600], [308, 14], [136, 4]]
[[200, 600], [308, 21], [136, 6]]
[[200, 600], [308, 28], [136, 8]]
[[200, 600], [308, 35], [136, 10]]
[[200, 600], [308, 42], [136, 12]]
[[200, 600], [308, 49], [136, 14]]
[[200, 600], [308, 56], [136, 16]]
[[200, 600], [308, 63], [136, 18]]
[[200, 600], [308, 70], [136, 20]]
[[200, 600], [308, 77], [136, 22]]
[[200, 600], [308, 84], [136, 24]]
[[200, 600], [308, 91], [136, 26]]
[[200, 600], [308, 98], [136, 28]]
[[200, 600], [308, 105], [136, 30], [294, 0]]
[[200, 600], [308, 112], [136, 32], [294, 2]]
[[200, 600], [308, 119], [136, 34], [294, 4]]
[[200, 600], [308, 126], [136, 36], [294, 6]]
[[200, 600], [308, 133], [136, 38], [294, 8]]
[[200, 600], [308, 140], [136, 40], [294, 10]]
[[200, 600], [308, 147], [136, 42], [294, 12]]
[[200, 600], [308, 154], [136, 44], [294, 14]]
[[200, 600], [308, 161], [136, 46], [294, 16]]
[[200, 600], [308, 168], [136, 48], [294, 18]]
[[200, 600], [308, 175], [136, 50], [294, 20]]
[[200, 600], [308, 182], [136, 52], [294, 22]]
[[200, 600], [308, 189], [136, 54], [294, 24]]
[[200, 600], [308, 196], [136, 56], [294, 26]]
[[200, 600], [308, 203], [136, 58], [294, 28]]
[[200, 600], [308, 210], [136, 60], [294, 30], [356, 0]]
[[200, 600], [308, 217], [136, 62], [294, 32], [356, 2]]
[[200, 600], [308, 224], [136, 64], [294, 34], [356, 4]]
[[200, 600], [308, 231], [136, 66], [294, 36], [356, 6]]
[[200, 600], [308, 238], [136, 68], [294, 38], [356, 8]]
[[200, 600], [308, 245], [136, 70], [294, 40], [356, 10]]
[[200, 600], [308, 252], [136, 72], [294, 42], [356, 12]]
[[200, 600], [308, 259], [136, 74], [294, 44], [356, 14]]
[[200, 600], [308, 266], [136, 76], [294, 46], [356, 16]]
